<?xml version="1.0" encoding="utf-8"?><testsuites name="pytest tests"><testsuite name="pytest" errors="0" failures="2" skipped="0" tests="32" time="54.507" timestamp="2026-01-30T16:18:52.655679+00:00" hostname="agent-env-63bbc956-1041-4a39-a475-e985df119e48"><testcase classname="tests.test_bookpro.TestBookPROAuth" name="test_super_admin_login" time="0.305" /><testcase classname="tests.test_bookpro.TestBookPROAuth" name="test_salon_admin_login" time="0.262" /><testcase classname="tests.test_bookpro.TestBookPROAuth" name="test_stylist_login" time="0.263" /><testcase classname="tests.test_bookpro.TestBookPROAuth" name="test_invalid_login" time="0.042" /><testcase classname="tests.test_bookpro.TestBookPROAuth" name="test_get_me_endpoint" time="0.302"><failure message="assert 401 == 200&#10; +  where 401 = &lt;Response [401]&gt;.status_code">tests/test_bookpro.py:76: in test_get_me_endpoint
    assert response.status_code == 200
E   assert 401 == 200
E    +  where 401 = &lt;Response [401]&gt;.status_code</failure></testcase><testcase classname="tests.test_bookpro.TestBookPROServices" name="test_get_services" time="0.317" /><testcase classname="tests.test_bookpro.TestBookPROServices" name="test_create_service" time="0.386" /><testcase classname="tests.test_bookpro.TestBookPROServices" name="test_update_service" time="0.394" /><testcase classname="tests.test_bookpro.TestBookPROServices" name="test_delete_service" time="0.390" /><testcase classname="tests.test_bookpro.TestBookPROClients" name="test_get_clients" time="0.310" /><testcase classname="tests.test_bookpro.TestBookPROClients" name="test_create_client" time="0.340" /><testcase classname="tests.test_bookpro.TestBookPROClients" name="test_update_client" time="0.380" /><testcase classname="tests.test_bookpro.TestBookPROClients" name="test_delete_client" time="0.343" /><testcase classname="tests.test_bookpro.TestBookPROClients" name="test_search_clients" time="0.299" /><testcase classname="tests.test_bookpro.TestBookPROStaff" name="test_get_staff" time="0.302" /><testcase classname="tests.test_bookpro.TestBookPROStaff" name="test_create_staff" time="0.576" /><testcase classname="tests.test_bookpro.TestBookPROStaff" name="test_update_staff" time="0.648" /><testcase classname="tests.test_bookpro.TestBookPROStaff" name="test_delete_staff" time="0.577" /><testcase classname="tests.test_bookpro.TestBookPROAppointments" name="test_get_appointments" time="35.951" /><testcase classname="tests.test_bookpro.TestBookPROAppointments" name="test_get_today_appointments" time="0.300" /><testcase classname="tests.test_bookpro.TestBookPROAppointments" name="test_create_appointment" time="3.541" /><testcase classname="tests.test_bookpro.TestBookPROAppointments" name="test_complete_appointment" time="2.286" /><testcase classname="tests.test_bookpro.TestBookPROAppointments" name="test_cancel_appointment" time="0.433" /><testcase classname="tests.test_bookpro.TestBookPROAppointments" name="test_get_calendar_view" time="0.306" /><testcase classname="tests.test_bookpro.TestBookPRODashboard" name="test_get_dashboard_stats" time="0.311" /><testcase classname="tests.test_bookpro.TestBookPRODashboard" name="test_get_revenue_chart" time="0.301" /><testcase classname="tests.test_bookpro.TestBookPRODashboard" name="test_get_top_services" time="0.303" /><testcase classname="tests.test_bookpro.TestBookPRODashboard" name="test_get_top_stylists" time="0.318" /><testcase classname="tests.test_bookpro.TestBookPROTenants" name="test_get_tenants" time="0.313" /><testcase classname="tests.test_bookpro.TestBookPROTenants" name="test_create_tenant" time="2.696" /><testcase classname="tests.test_bookpro.TestBookPROTenants" name="test_delete_tenant" time="0.569" /><testcase classname="tests.test_bookpro.TestBookPROTenants" name="test_tenant_access_denied_for_non_super_admin" time="0.294"><failure message="assert 401 == 403&#10; +  where 401 = &lt;Response [401]&gt;.status_code">tests/test_bookpro.py:847: in test_tenant_access_denied_for_non_super_admin
    assert response.status_code == 403
E   assert 401 == 403
E    +  where 401 = &lt;Response [401]&gt;.status_code</failure></testcase></testsuite></testsuites>