<?xml version="1.0" encoding="utf-8"?><testsuites name="pytest tests"><testsuite name="pytest" errors="0" failures="0" skipped="0" tests="22" time="55.783" timestamp="2026-01-30T12:29:15.849622+00:00" hostname="agent-env-f82dcbbf-45ef-451f-b670-da6cf5f9e9a0"><testcase classname="backend.tests.test_phonesoftware.TestPhoneSoftwareAuth" name="test_admin_login_success" time="0.286" /><testcase classname="backend.tests.test_phonesoftware.TestPhoneSoftwareAuth" name="test_worker_login_success" time="0.277" /><testcase classname="backend.tests.test_phonesoftware.TestPhoneSoftwareAuth" name="test_login_invalid_credentials" time="0.041" /><testcase classname="backend.tests.test_phonesoftware.TestPhoneSoftwareRepairs" name="test_get_repairs_as_admin" time="0.302" /><testcase classname="backend.tests.test_phonesoftware.TestPhoneSoftwareRepairs" name="test_get_repairs_as_worker" time="0.303" /><testcase classname="backend.tests.test_phonesoftware.TestPhoneSoftwareRepairs" name="test_create_repair_with_manual_customer" time="0.304" /><testcase classname="backend.tests.test_phonesoftware.TestPhoneSoftwareRepairs" name="test_create_repair_without_customer" time="0.341" /><testcase classname="backend.tests.test_phonesoftware.TestPhoneSoftwareRepairs" name="test_get_repair_by_id" time="0.415" /><testcase classname="backend.tests.test_phonesoftware.TestPhoneSoftwareRepairs" name="test_update_repair_status" time="0.544" /><testcase classname="backend.tests.test_phonesoftware.TestPhoneSoftwareRepairs" name="test_update_repair_to_cannot_repair" time="0.381" /><testcase classname="backend.tests.test_phonesoftware.TestPhoneSoftwareRepairs" name="test_repair_stats" time="0.345" /><testcase classname="backend.tests.test_phonesoftware.TestPhoneSoftwareRepairs" name="test_worker_cannot_delete_repair" time="0.692" /><testcase classname="backend.tests.test_phonesoftware.TestPhoneSoftwarePublicEndpoints" name="test_public_repair_status" time="0.387" /><testcase classname="backend.tests.test_phonesoftware.TestPhoneSoftwarePublicEndpoints" name="test_public_repair_status_not_found" time="0.040" /><testcase classname="backend.tests.test_phonesoftware.TestPhoneSoftwarePublicEndpoints" name="test_qr_code_generation" time="0.406" /><testcase classname="backend.tests.test_phonesoftware.TestPhoneSoftwarePublicEndpoints" name="test_qr_code_base64" time="0.389" /><testcase classname="backend.tests.test_phonesoftware.TestPhoneSoftwarePublicEndpoints" name="test_receipt_data" time="0.386" /><testcase classname="backend.tests.test_phonesoftware.TestPhoneSoftwareRepairStatuses" name="test_all_status_values_available" time="36.221" /><testcase classname="backend.tests.test_phonesoftware.TestPhoneSoftwareDashboard" name="test_dashboard_as_admin" time="0.317" /><testcase classname="backend.tests.test_phonesoftware.TestPhoneSoftwareDashboard" name="test_dashboard_as_worker" time="7.531" /><testcase classname="backend.tests.test_phonesoftware.TestPhoneSoftwareCustomers" name="test_get_customers" time="5.474" /><testcase classname="backend.tests.test_phonesoftware.TestPhoneSoftwareStaff" name="test_get_technicians" time="0.341" /></testsuite></testsuites>