<?xml version="1.0" encoding="utf-8"?><testsuites name="pytest tests"><testsuite name="pytest" errors="0" failures="0" skipped="0" tests="9" time="2.992" timestamp="2026-01-27T18:01:16.330606+00:00" hostname="agent-env-5ac74d24-840d-49d8-bad5-ff5614eb1415"><testcase classname="backend.tests.test_comment_templates.TestCommentTemplatesAPI" name="test_get_comment_templates" time="0.347" /><testcase classname="backend.tests.test_comment_templates.TestCommentTemplatesAPI" name="test_create_comment_template" time="0.310" /><testcase classname="backend.tests.test_comment_templates.TestCommentTemplatesAPI" name="test_create_default_template" time="0.349" /><testcase classname="backend.tests.test_comment_templates.TestCommentTemplatesAPI" name="test_update_comment_template" time="0.352" /><testcase classname="backend.tests.test_comment_templates.TestCommentTemplatesAPI" name="test_update_nonexistent_template" time="0.277" /><testcase classname="backend.tests.test_comment_templates.TestCommentTemplatesAPI" name="test_delete_comment_template" time="0.383" /><testcase classname="backend.tests.test_comment_templates.TestCommentTemplatesAPI" name="test_delete_nonexistent_template" time="0.278" /><testcase classname="backend.tests.test_comment_templates.TestCommentTemplatesAPI" name="test_unauthenticated_access" time="0.328" /><testcase classname="backend.tests.test_comment_templates.TestExistingCommentTemplates" name="test_existing_templates_count" time="0.314" /></testsuite></testsuites>