<?xml version="1.0" encoding="utf-8"?><testsuites name="pytest tests"><testsuite name="pytest" errors="0" failures="0" skipped="0" tests="13" time="11.197" timestamp="2026-01-27T20:28:59.442141+00:00" hostname="agent-env-49508b71-b955-41ae-8c52-ad742425be0f"><testcase classname="backend.tests.test_multi_tenant.TestSuperAdminLogin" name="test_super_admin_login_success" time="0.348" /><testcase classname="backend.tests.test_multi_tenant.TestSuperAdminLogin" name="test_super_admin_login_wrong_password" time="0.263" /><testcase classname="backend.tests.test_multi_tenant.TestTenantCRUD" name="test_create_tenant_returns_tenant_id" time="0.603" /><testcase classname="backend.tests.test_multi_tenant.TestTenantCRUD" name="test_get_all_tenants" time="0.338" /><testcase classname="backend.tests.test_multi_tenant.TestTenantCRUD" name="test_create_tenant_duplicate_name_fails" time="0.606" /><testcase classname="backend.tests.test_multi_tenant.TestTenantIsolation" name="test_tenant_admin_login" time="1.170" /><testcase classname="backend.tests.test_multi_tenant.TestTenantIsolation" name="test_product_created_with_tenant_id" time="1.196" /><testcase classname="backend.tests.test_multi_tenant.TestTenantIsolation" name="test_tenant_isolation_products" time="1.465" /><testcase classname="backend.tests.test_multi_tenant.TestTenantIsolation" name="test_branch_created_with_tenant_id" time="1.181" /><testcase classname="backend.tests.test_multi_tenant.TestTenantIsolation" name="test_warehouse_created_with_tenant_id" time="1.157" /><testcase classname="backend.tests.test_multi_tenant.TestDashboardTenantIsolation" name="test_dashboard_returns_tenant_data_only" time="1.010" /><testcase classname="backend.tests.test_multi_tenant.TestNonSuperAdminCannotAccessTenants" name="test_tenant_admin_cannot_list_tenants" time="0.871" /><testcase classname="backend.tests.test_multi_tenant.TestNonSuperAdminCannotAccessTenants" name="test_tenant_admin_cannot_create_tenant" time="0.859" /></testsuite></testsuites>