<?xml version="1.0" encoding="utf-8"?><testsuites name="pytest tests"><testsuite name="pytest" errors="0" failures="0" skipped="0" tests="25" time="3.766" timestamp="2026-02-01T13:14:47.213387+00:00" hostname="agent-env-e8234b0f-2a0a-4c57-b3c2-5be8d3bc5cc2"><testcase classname="backend.tests.test_healthpro.TestHealthPROAuth" name="test_admin_login_success" time="0.080" /><testcase classname="backend.tests.test_healthpro.TestHealthPROAuth" name="test_login_invalid_credentials" time="0.041" /><testcase classname="backend.tests.test_healthpro.TestHealthPROAuth" name="test_visitor_login" time="0.038" /><testcase classname="backend.tests.test_healthpro.TestHealthPROEmployees" name="test_list_employees" time="0.085" /><testcase classname="backend.tests.test_healthpro.TestHealthPROEmployees" name="test_create_employee_with_salary" time="0.127" /><testcase classname="backend.tests.test_healthpro.TestHealthPROEmployees" name="test_update_employee" time="0.144" /><testcase classname="backend.tests.test_healthpro.TestHealthPROEmployees" name="test_delete_employee" time="0.144" /><testcase classname="backend.tests.test_healthpro.TestHealthPROEmployees" name="test_employee_stats" time="0.093" /><testcase classname="backend.tests.test_healthpro.TestHealthPROOvertime" name="test_create_overtime_normal" time="0.112" /><testcase classname="backend.tests.test_healthpro.TestHealthPROOvertime" name="test_create_overtime_night" time="0.148" /><testcase classname="backend.tests.test_healthpro.TestHealthPROOvertime" name="test_create_overtime_weekend" time="0.112" /><testcase classname="backend.tests.test_healthpro.TestHealthPROOvertime" name="test_create_overtime_holiday" time="0.114" /><testcase classname="backend.tests.test_healthpro.TestHealthPROOvertime" name="test_list_overtime_entries" time="0.155" /><testcase classname="backend.tests.test_healthpro.TestHealthPROOvertime" name="test_list_overtime_by_employee" time="0.107" /><testcase classname="backend.tests.test_healthpro.TestHealthPROOvertime" name="test_monthly_overtime_summary" time="0.104" /><testcase classname="backend.tests.test_healthpro.TestHealthPROOvertime" name="test_monthly_report" time="0.107" /><testcase classname="backend.tests.test_healthpro.TestHealthPROOvertime" name="test_get_overtime_coefficients" time="0.105" /><testcase classname="backend.tests.test_healthpro.TestHealthPROOvertime" name="test_delete_overtime_entry" time="0.142" /><testcase classname="backend.tests.test_healthpro.TestHealthPROVisitors" name="test_list_visitors" time="0.066" /><testcase classname="backend.tests.test_healthpro.TestHealthPROVisitors" name="test_create_visitor" time="0.071" /><testcase classname="backend.tests.test_healthpro.TestHealthPROVisitors" name="test_visitor_login_and_limited_access" time="0.209" /><testcase classname="backend.tests.test_healthpro.TestHealthPROVisitors" name="test_toggle_visitor_status" time="0.220" /><testcase classname="backend.tests.test_healthpro.TestHealthPROVisitors" name="test_deactivated_visitor_cannot_login" time="0.193" /><testcase classname="backend.tests.test_healthpro.TestHealthPROVisitors" name="test_delete_visitor" time="0.146" /><testcase classname="backend.tests.test_healthpro.TestHealthPROOvertimeCalculation" name="test_overtime_calculation_formula" time="0.744" /></testsuite></testsuites>