<?xml version="1.0" encoding="utf-8"?><testsuites name="pytest tests"><testsuite name="pytest" errors="0" failures="0" skipped="0" tests="13" time="5.668" timestamp="2026-01-27T17:01:23.919922+00:00" hostname="agent-env-5ac74d24-840d-49d8-bad5-ff5614eb1415"><testcase classname="backend.tests.test_reset_functionality.TestAdminResetFunctionality" name="test_verify_password_success" time="0.564" /><testcase classname="backend.tests.test_reset_functionality.TestAdminResetFunctionality" name="test_verify_password_wrong_password" time="0.493" /><testcase classname="backend.tests.test_reset_functionality.TestAdminResetFunctionality" name="test_verify_password_empty_password" time="0.498" /><testcase classname="backend.tests.test_reset_functionality.TestAdminResetFunctionality" name="test_verify_password_no_auth" time="0.337" /><testcase classname="backend.tests.test_reset_functionality.TestAdminResetFunctionality" name="test_get_users_for_reset_success" time="0.276" /><testcase classname="backend.tests.test_reset_functionality.TestAdminResetFunctionality" name="test_get_users_for_reset_no_auth" time="0.298" /><testcase classname="backend.tests.test_reset_functionality.TestAdminResetFunctionality" name="test_reset_data_daily_structure" time="0.729" /><testcase classname="backend.tests.test_reset_functionality.TestAdminResetFunctionality" name="test_reset_data_user_specific_structure" time="0.498" /><testcase classname="backend.tests.test_reset_functionality.TestAdminResetFunctionality" name="test_reset_data_all_structure" time="0.486" /><testcase classname="backend.tests.test_reset_functionality.TestAdminResetFunctionality" name="test_reset_data_no_auth" time="0.295" /><testcase classname="backend.tests.test_reset_functionality.TestNonAdminCannotReset" name="test_cashier_cannot_verify_password" time="0.269" /><testcase classname="backend.tests.test_reset_functionality.TestResetEndpointResponses" name="test_verify_password_response_structure" time="0.499" /><testcase classname="backend.tests.test_reset_functionality.TestResetEndpointResponses" name="test_users_for_reset_response_structure" time="0.296" /></testsuite></testsuites>