<?xml version="1.0" encoding="utf-8"?><testsuites name="pytest tests"><testsuite name="pytest" errors="0" failures="0" skipped="0" tests="38" time="1.728" timestamp="2026-01-29T19:27:02.611938+00:00" hostname="agent-env-f61e48af-a34d-43ef-98c4-e3099aeac28a"><testcase classname="tests.test_mobilshop.TestMobilshopDashboard" name="test_dashboard_endpoint" time="0.366" /><testcase classname="tests.test_mobilshop.TestMobilshopProducts" name="test_list_products" time="0.067" /><testcase classname="tests.test_mobilshop.TestMobilshopProducts" name="test_create_phone_with_imei" time="0.023" /><testcase classname="tests.test_mobilshop.TestMobilshopProducts" name="test_create_accessory" time="0.053" /><testcase classname="tests.test_mobilshop.TestMobilshopProducts" name="test_get_product_by_id" time="0.014" /><testcase classname="tests.test_mobilshop.TestMobilshopProducts" name="test_update_product" time="0.013" /><testcase classname="tests.test_mobilshop.TestMobilshopProducts" name="test_get_phones_list" time="0.015" /><testcase classname="tests.test_mobilshop.TestMobilshopProducts" name="test_get_accessories_list" time="0.057" /><testcase classname="tests.test_mobilshop.TestMobilshopProducts" name="test_search_products" time="0.032" /><testcase classname="tests.test_mobilshop.TestMobilshopProducts" name="test_get_brands_list" time="0.054" /><testcase classname="tests.test_mobilshop.TestMobilshopProducts" name="test_get_categories_list" time="0.018" /><testcase classname="tests.test_mobilshop.TestMobilshopProducts" name="test_delete_products" time="0.029" /><testcase classname="tests.test_mobilshop.TestMobilshopCustomers" name="test_list_customers" time="0.011" /><testcase classname="tests.test_mobilshop.TestMobilshopCustomers" name="test_create_customer" time="0.055" /><testcase classname="tests.test_mobilshop.TestMobilshopCustomers" name="test_get_customer_by_id" time="0.016" /><testcase classname="tests.test_mobilshop.TestMobilshopCustomers" name="test_search_customers" time="0.021" /><testcase classname="tests.test_mobilshop.TestMobilshopCustomers" name="test_update_customer" time="0.012" /><testcase classname="tests.test_mobilshop.TestMobilshopCustomers" name="test_delete_customers" time="0.012" /><testcase classname="tests.test_mobilshop.TestMobilshopRepairs" name="test_list_repairs" time="0.022" /><testcase classname="tests.test_mobilshop.TestMobilshopRepairs" name="test_create_repair_ticket" time="0.025" /><testcase classname="tests.test_mobilshop.TestMobilshopRepairs" name="test_get_repair_by_id" time="0.011" /><testcase classname="tests.test_mobilshop.TestMobilshopRepairs" name="test_get_repairs_by_status" time="0.055" /><testcase classname="tests.test_mobilshop.TestMobilshopRepairs" name="test_get_pending_repairs_count" time="0.019" /><testcase classname="tests.test_mobilshop.TestMobilshopRepairs" name="test_update_repair_status" time="0.054" /><testcase classname="tests.test_mobilshop.TestMobilshopRepairs" name="test_update_repair_full" time="0.014" /><testcase classname="tests.test_mobilshop.TestMobilshopRepairs" name="test_cleanup_repairs" time="0.010" /><testcase classname="tests.test_mobilshop.TestMobilshopSales" name="test_list_sales" time="0.126" /><testcase classname="tests.test_mobilshop.TestMobilshopSales" name="test_create_sale_cash" time="0.029" /><testcase classname="tests.test_mobilshop.TestMobilshopSales" name="test_create_sale_card" time="0.055" /><testcase classname="tests.test_mobilshop.TestMobilshopSales" name="test_get_sale_by_id" time="0.013" /><testcase classname="tests.test_mobilshop.TestMobilshopSales" name="test_cleanup_sales_data" time="0.061" /><testcase classname="tests.test_mobilshop.TestMobilshopReports" name="test_sales_report" time="0.012" /><testcase classname="tests.test_mobilshop.TestMobilshopReports" name="test_inventory_report" time="0.051" /><testcase classname="tests.test_mobilshop.TestMobilshopReports" name="test_profit_report" time="0.014" /><testcase classname="tests.test_mobilshop.TestMobilshopReports" name="test_sales_report_different_periods" time="0.120" /><testcase classname="tests.test_mobilshop.TestMobilshopSuppliers" name="test_list_suppliers" time="0.036" /><testcase classname="tests.test_mobilshop.TestMobilshopSuppliers" name="test_create_supplier" time="0.021" /><testcase classname="tests.test_mobilshop.TestMobilshopSuppliers" name="test_update_supplier" time="0.011" /></testsuite></testsuites>